Running on node:
g032
GPU check:
CUDA: True
NVIDIA A100-PCIE-40GB
Setting up [LPIPS] perceptual loss: trunk [alex], v[0.1], spatial [off]
Loading model from: /scratch/user/dipanwita22rano/.conda/envs/denoise/lib/python3.10/site-packages/lpips/weights/v0.1/alex.pth
Resumed from /scratch/user/dipanwita22rano/denoising_project/checkpoints/latest.pth epoch 1
TRAIN SET SIZE (pairs): 192
DEVICE: cuda
2026-02-16 15:59:38 EPOCH 1 train_loss=0.1129 val_psnr=30.0812 val_ssim=0.8638 best_val=30.0812
2026-02-16 16:08:34 EPOCH 2 train_loss=0.0831 val_psnr=32.1717 val_ssim=0.8721 best_val=32.1717
2026-02-16 17:13:08 EPOCH 3 train_loss=0.0747 val_psnr=32.6001 val_ssim=0.8564 best_val=32.6001
2026-02-16 17:22:04 EPOCH 4 train_loss=0.0705 val_psnr=32.5389 val_ssim=0.8591 best_val=32.6001
2026-02-16 17:31:03 EPOCH 5 train_loss=0.0703 val_psnr=33.2019 val_ssim=0.8645 best_val=33.2019
2026-02-16 17:39:54 EPOCH 6 train_loss=0.0695 val_psnr=33.6553 val_ssim=0.8699 best_val=33.6553
2026-02-16 17:48:50 EPOCH 7 train_loss=0.0682 val_psnr=33.5318 val_ssim=0.8658 best_val=33.6553
2026-02-16 17:57:42 EPOCH 8 train_loss=0.0679 val_psnr=33.9024 val_ssim=0.8680 best_val=33.9024
2026-02-16 18:06:37 EPOCH 9 train_loss=0.0664 val_psnr=34.2200 val_ssim=0.8649 best_val=34.2200
2026-02-16 18:15:40 EPOCH 10 train_loss=0.0666 val_psnr=34.1750 val_ssim=0.8739 best_val=34.2200
2026-02-16 18:24:34 EPOCH 11 train_loss=0.0659 val_psnr=34.3226 val_ssim=0.8585 best_val=34.3226
2026-02-16 18:33:28 EPOCH 12 train_loss=0.0639 val_psnr=33.7579 val_ssim=0.8725 best_val=34.3226
2026-02-16 18:42:46 EPOCH 13 train_loss=0.0648 val_psnr=35.0551 val_ssim=0.8838 best_val=35.0551
2026-02-16 19:53:28 EPOCH 14 train_loss=0.0635 val_psnr=35.0999 val_ssim=0.8817 best_val=35.0999
2026-02-16 20:02:28 EPOCH 15 train_loss=0.0630 val_psnr=34.5870 val_ssim=0.8761 best_val=35.0999
2026-02-16 20:11:27 EPOCH 16 train_loss=0.0620 val_psnr=35.7619 val_ssim=0.8882 best_val=35.7619
2026-02-16 20:20:20 EPOCH 17 train_loss=0.0617 val_psnr=35.9230 val_ssim=0.8892 best_val=35.9230
2026-02-16 20:29:39 EPOCH 18 train_loss=0.0606 val_psnr=36.2071 val_ssim=0.8974 best_val=36.2071
2026-02-16 20:39:06 EPOCH 19 train_loss=0.0593 val_psnr=36.1018 val_ssim=0.8953 best_val=36.2071
2026-02-16 20:48:27 EPOCH 20 train_loss=0.0588 val_psnr=35.7924 val_ssim=0.8962 best_val=36.2071
2026-02-16 20:57:55 EPOCH 21 train_loss=0.0577 val_psnr=36.1596 val_ssim=0.9030 best_val=36.2071
2026-02-16 21:07:14 EPOCH 22 train_loss=0.0574 val_psnr=36.3819 val_ssim=0.9039 best_val=36.3819
2026-02-16 21:16:35 EPOCH 23 train_loss=0.0566 val_psnr=37.3034 val_ssim=0.9037 best_val=37.3034
2026-02-16 21:25:54 EPOCH 24 train_loss=0.0577 val_psnr=36.4304 val_ssim=0.8944 best_val=37.3034
2026-02-16 21:35:14 EPOCH 25 train_loss=0.0558 val_psnr=37.2398 val_ssim=0.9054 best_val=37.3034
2026-02-16 21:44:33 EPOCH 26 train_loss=0.0558 val_psnr=37.3957 val_ssim=0.9086 best_val=37.3957
2026-02-16 21:53:34 EPOCH 27 train_loss=0.0549 val_psnr=37.4643 val_ssim=0.9124 best_val=37.4643
2026-02-16 22:02:36 EPOCH 28 train_loss=0.0540 val_psnr=37.2895 val_ssim=0.9065 best_val=37.4643
2026-02-16 22:11:58 EPOCH 29 train_loss=0.0534 val_psnr=36.7751 val_ssim=0.9079 best_val=37.4643
Training finished. Best val PSNR: 37.46432539887159
